#! /usr/bin/vvp
:ivl_version "10.3 (stable)";
:ivl_delay_selection "TYPICAL";
:vpi_time_precision + 0;
:vpi_module "system";
:vpi_module "vhdl_sys";
:vpi_module "v2005_math";
:vpi_module "va_math";
S_0x560a58bdedc0 .scope module, "tb_alu" "tb_alu" 2 57;
 .timescale 0 0;
v0x560a58bf7e30_0 .var "a", 63 0;
v0x560a58bf7f10_0 .var "b", 63 0;
o0x7f5e92620198 .functor BUFZ 1, C4<z>; HiZ drive
v0x560a58bf7fe0_0 .net "clk", 0 0, o0x7f5e92620198;  0 drivers
v0x560a58bf80b0_0 .net "out", 63 0, v0x560a58bf7bb0_0;  1 drivers
v0x560a58bf8180_0 .var "select", 2 0;
S_0x560a58bdef40 .scope module, "alu" "alu" 2 63, 2 12 0, S_0x560a58bdedc0;
 .timescale 0 0;
    .port_info 0 /INPUT 64 "a"
    .port_info 1 /INPUT 64 "b"
    .port_info 2 /INPUT 3 "select"
    .port_info 3 /OUTPUT 64 "out"
P_0x560a58bcc990 .param/l "AND" 0 2 17, C4<000>;
P_0x560a58bcc9d0 .param/l "NAND" 0 2 17, C4<010>;
P_0x560a58bcca10 .param/l "NOR" 0 2 17, C4<101>;
P_0x560a58bcca50 .param/l "NOT" 0 2 17, C4<100>;
P_0x560a58bcca90 .param/l "OR" 0 2 17, C4<011>;
P_0x560a58bccad0 .param/l "TWOCOMP" 0 2 17, C4<110>;
P_0x560a58bccb10 .param/l "XNOR" 0 2 17, C4<111>;
P_0x560a58bccb50 .param/l "XOR" 0 2 17, C4<001>;
v0x560a58ba5230_0 .net "a", 63 0, v0x560a58bf7e30_0;  1 drivers
v0x560a58bf7ad0_0 .net "b", 63 0, v0x560a58bf7f10_0;  1 drivers
v0x560a58bf7bb0_0 .var "out", 63 0;
v0x560a58bf7ca0_0 .net "select", 2 0, v0x560a58bf8180_0;  1 drivers
E_0x560a58bda3f0 .event edge, v0x560a58bf7ca0_0, v0x560a58bf7ad0_0, v0x560a58ba5230_0;
    .scope S_0x560a58bdef40;
T_0 ;
    %wait E_0x560a58bda3f0;
    %load/vec4 v0x560a58bf7ca0_0;
    %dup/vec4;
    %pushi/vec4 0, 0, 3;
    %cmp/u;
    %jmp/1 T_0.0, 6;
    %dup/vec4;
    %pushi/vec4 1, 0, 3;
    %cmp/u;
    %jmp/1 T_0.1, 6;
    %dup/vec4;
    %pushi/vec4 2, 0, 3;
    %cmp/u;
    %jmp/1 T_0.2, 6;
    %dup/vec4;
    %pushi/vec4 3, 0, 3;
    %cmp/u;
    %jmp/1 T_0.3, 6;
    %dup/vec4;
    %pushi/vec4 4, 0, 3;
    %cmp/u;
    %jmp/1 T_0.4, 6;
    %dup/vec4;
    %pushi/vec4 5, 0, 3;
    %cmp/u;
    %jmp/1 T_0.5, 6;
    %dup/vec4;
    %pushi/vec4 7, 0, 3;
    %cmp/u;
    %jmp/1 T_0.6, 6;
    %dup/vec4;
    %pushi/vec4 6, 0, 3;
    %cmp/u;
    %jmp/1 T_0.7, 6;
    %jmp T_0.8;
T_0.0 ;
    %load/vec4 v0x560a58ba5230_0;
    %load/vec4 v0x560a58bf7ad0_0;
    %and;
    %store/vec4 v0x560a58bf7bb0_0, 0, 64;
    %jmp T_0.8;
T_0.1 ;
    %load/vec4 v0x560a58ba5230_0;
    %load/vec4 v0x560a58bf7ad0_0;
    %xor;
    %store/vec4 v0x560a58bf7bb0_0, 0, 64;
    %jmp T_0.8;
T_0.2 ;
    %load/vec4 v0x560a58ba5230_0;
    %load/vec4 v0x560a58bf7ad0_0;
    %and;
    %inv;
    %store/vec4 v0x560a58bf7bb0_0, 0, 64;
    %jmp T_0.8;
T_0.3 ;
    %load/vec4 v0x560a58ba5230_0;
    %load/vec4 v0x560a58bf7ad0_0;
    %or;
    %store/vec4 v0x560a58bf7bb0_0, 0, 64;
    %jmp T_0.8;
T_0.4 ;
    %load/vec4 v0x560a58ba5230_0;
    %inv;
    %store/vec4 v0x560a58bf7bb0_0, 0, 64;
    %jmp T_0.8;
T_0.5 ;
    %load/vec4 v0x560a58ba5230_0;
    %load/vec4 v0x560a58bf7ad0_0;
    %or;
    %inv;
    %store/vec4 v0x560a58bf7bb0_0, 0, 64;
    %jmp T_0.8;
T_0.6 ;
    %load/vec4 v0x560a58ba5230_0;
    %load/vec4 v0x560a58bf7ad0_0;
    %xor;
    %inv;
    %store/vec4 v0x560a58bf7bb0_0, 0, 64;
    %jmp T_0.8;
T_0.7 ;
    %load/vec4 v0x560a58ba5230_0;
    %inv;
    %addi 1, 0, 64;
    %store/vec4 v0x560a58bf7bb0_0, 0, 64;
    %jmp T_0.8;
T_0.8 ;
    %pop/vec4 1;
    %jmp T_0;
    .thread T_0, $push;
    .scope S_0x560a58bdedc0;
T_1 ;
    %delay 0, 0;
    %pushi/vec4 1232, 0, 64;
    %store/vec4 v0x560a58bf7e30_0, 0, 64;
    %pushi/vec4 89454, 0, 64;
    %store/vec4 v0x560a58bf7f10_0, 0, 64;
    %pushi/vec4 0, 0, 3;
    %store/vec4 v0x560a58bf8180_0, 0, 3;
    %delay 1, 0;
    %pushi/vec4 1232, 0, 64;
    %store/vec4 v0x560a58bf7e30_0, 0, 64;
    %pushi/vec4 89454, 0, 64;
    %store/vec4 v0x560a58bf7f10_0, 0, 64;
    %pushi/vec4 1, 0, 3;
    %store/vec4 v0x560a58bf8180_0, 0, 3;
    %delay 2, 0;
    %pushi/vec4 1232, 0, 64;
    %store/vec4 v0x560a58bf7e30_0, 0, 64;
    %pushi/vec4 89454, 0, 64;
    %store/vec4 v0x560a58bf7f10_0, 0, 64;
    %pushi/vec4 2, 0, 3;
    %store/vec4 v0x560a58bf8180_0, 0, 3;
    %delay 3, 0;
    %pushi/vec4 1232, 0, 64;
    %store/vec4 v0x560a58bf7e30_0, 0, 64;
    %pushi/vec4 89454, 0, 64;
    %store/vec4 v0x560a58bf7f10_0, 0, 64;
    %pushi/vec4 3, 0, 3;
    %store/vec4 v0x560a58bf8180_0, 0, 3;
    %delay 4, 0;
    %pushi/vec4 1232, 0, 64;
    %store/vec4 v0x560a58bf7e30_0, 0, 64;
    %pushi/vec4 89454, 0, 64;
    %store/vec4 v0x560a58bf7f10_0, 0, 64;
    %pushi/vec4 4, 0, 3;
    %store/vec4 v0x560a58bf8180_0, 0, 3;
    %delay 5, 0;
    %pushi/vec4 1232, 0, 64;
    %store/vec4 v0x560a58bf7e30_0, 0, 64;
    %pushi/vec4 89454, 0, 64;
    %store/vec4 v0x560a58bf7f10_0, 0, 64;
    %pushi/vec4 5, 0, 3;
    %store/vec4 v0x560a58bf8180_0, 0, 3;
    %delay 6, 0;
    %pushi/vec4 1232, 0, 64;
    %store/vec4 v0x560a58bf7e30_0, 0, 64;
    %pushi/vec4 89454, 0, 64;
    %store/vec4 v0x560a58bf7f10_0, 0, 64;
    %pushi/vec4 6, 0, 3;
    %store/vec4 v0x560a58bf8180_0, 0, 3;
    %delay 7, 0;
    %pushi/vec4 1232, 0, 64;
    %store/vec4 v0x560a58bf7e30_0, 0, 64;
    %pushi/vec4 89454, 0, 64;
    %store/vec4 v0x560a58bf7f10_0, 0, 64;
    %pushi/vec4 7, 0, 3;
    %store/vec4 v0x560a58bf8180_0, 0, 3;
    %end;
    .thread T_1;
    .scope S_0x560a58bdedc0;
T_2 ;
    %vpi_call 2 75 "$monitor", "a=%d b=%d out=%d", v0x560a58bf7e30_0, v0x560a58bf7f10_0, v0x560a58bf80b0_0 {0 0 0};
    %end;
    .thread T_2;
# The file index is used to find the file name in the following table.
:file_names 3;
    "N/A";
    "<interactive>";
    "ALU.v";
