#! /usr/bin/vvp
:ivl_version "10.3 (stable)";
:ivl_delay_selection "TYPICAL";
:vpi_time_precision + 0;
:vpi_module "system";
:vpi_module "vhdl_sys";
:vpi_module "v2005_math";
:vpi_module "va_math";
S_0x555f1df9a380 .scope module, "top" "top" 2 25;
 .timescale 0 0;
v0x555f1dfc2a00_0 .var "clk", 0 0;
v0x555f1dfc2ac0_0 .var "data", 63 0;
v0x555f1dfc2b90_0 .var "read_addr1", 4 0;
v0x555f1dfc2c90_0 .var "read_addr2", 4 0;
v0x555f1dfc2d60_0 .net "read_out1", 63 0, L_0x555f1dfc3230;  1 drivers
v0x555f1dfc2e00_0 .net "read_out2", 63 0, L_0x555f1dfd3630;  1 drivers
v0x555f1dfc2ed0_0 .var "write_addr", 4 0;
S_0x555f1dfa91f0 .scope module, "reg1" "reg_file" 2 31, 2 1 0, S_0x555f1df9a380;
 .timescale 0 0;
    .port_info 0 /INPUT 5 "read_addr1"
    .port_info 1 /INPUT 5 "read_addr2"
    .port_info 2 /INPUT 5 "write_addr"
    .port_info 3 /INPUT 64 "data"
    .port_info 4 /OUTPUT 64 "read_out1"
    .port_info 5 /OUTPUT 64 "read_out2"
    .port_info 6 /INPUT 1 "clk"
v0x555f1df99590_0 .net *"_s0", 31 0, L_0x555f1dfc2fa0;  1 drivers
v0x555f1df99630_0 .net *"_s10", 31 0, L_0x555f1dfd33d0;  1 drivers
v0x555f1dfc1c10_0 .net *"_s12", 7 0, L_0x555f1dfd34a0;  1 drivers
L_0x7fedab00e0a8 .functor BUFT 1, C4<000>, C4<0>, C4<0>, C4<0>;
v0x555f1dfc1cd0_0 .net *"_s15", 2 0, L_0x7fedab00e0a8;  1 drivers
L_0x7fedab00e0f0 .functor BUFT 1, C4<00000000000000000000000000000000>, C4<0>, C4<0>, C4<0>;
v0x555f1dfc1db0_0 .net *"_s19", 31 0, L_0x7fedab00e0f0;  1 drivers
v0x555f1dfc1ee0_0 .net *"_s2", 7 0, L_0x555f1dfc30a0;  1 drivers
L_0x7fedab00e018 .functor BUFT 1, C4<000>, C4<0>, C4<0>, C4<0>;
v0x555f1dfc1fc0_0 .net *"_s5", 2 0, L_0x7fedab00e018;  1 drivers
L_0x7fedab00e060 .functor BUFT 1, C4<00000000000000000000000000000000>, C4<0>, C4<0>, C4<0>;
v0x555f1dfc20a0_0 .net *"_s9", 31 0, L_0x7fedab00e060;  1 drivers
v0x555f1dfc2180_0 .net "clk", 0 0, v0x555f1dfc2a00_0;  1 drivers
v0x555f1dfc2240_0 .net "data", 63 0, v0x555f1dfc2ac0_0;  1 drivers
v0x555f1dfc2320_0 .var/i "i", 31 0;
v0x555f1dfc2400_0 .net "read_addr1", 4 0, v0x555f1dfc2b90_0;  1 drivers
v0x555f1dfc24e0_0 .net "read_addr2", 4 0, v0x555f1dfc2c90_0;  1 drivers
v0x555f1dfc25c0_0 .net "read_out1", 63 0, L_0x555f1dfc3230;  alias, 1 drivers
v0x555f1dfc26a0_0 .net "read_out2", 63 0, L_0x555f1dfd3630;  alias, 1 drivers
v0x555f1dfc2780 .array "register", 0 63, 31 0;
v0x555f1dfc2840_0 .net "write_addr", 4 0, v0x555f1dfc2ed0_0;  1 drivers
E_0x555f1dfa76e0 .event posedge, v0x555f1dfc2180_0;
L_0x555f1dfc2fa0 .array/port v0x555f1dfc2780, L_0x555f1dfc30a0;
L_0x555f1dfc30a0 .concat [ 5 3 0 0], v0x555f1dfc2b90_0, L_0x7fedab00e018;
L_0x555f1dfc3230 .concat [ 32 32 0 0], L_0x555f1dfc2fa0, L_0x7fedab00e060;
L_0x555f1dfd33d0 .array/port v0x555f1dfc2780, L_0x555f1dfd34a0;
L_0x555f1dfd34a0 .concat [ 5 3 0 0], v0x555f1dfc2c90_0, L_0x7fedab00e0a8;
L_0x555f1dfd3630 .concat [ 32 32 0 0], L_0x555f1dfd33d0, L_0x7fedab00e0f0;
    .scope S_0x555f1dfa91f0;
T_0 ;
    %pushi/vec4 0, 0, 32;
    %store/vec4 v0x555f1dfc2320_0, 0, 32;
T_0.0 ;
    %load/vec4 v0x555f1dfc2320_0;
    %cmpi/s 32, 0, 32;
    %jmp/0xz T_0.1, 5;
    %pushi/vec4 0, 0, 32;
    %ix/getv/s 4, v0x555f1dfc2320_0;
    %store/vec4a v0x555f1dfc2780, 4, 0;
    %load/vec4 v0x555f1dfc2320_0;
    %addi 1, 0, 32;
    %store/vec4 v0x555f1dfc2320_0, 0, 32;
    %jmp T_0.0;
T_0.1 ;
    %end;
    .thread T_0;
    .scope S_0x555f1dfa91f0;
T_1 ;
    %wait E_0x555f1dfa76e0;
    %load/vec4 v0x555f1dfc2240_0;
    %pad/u 32;
    %load/vec4 v0x555f1dfc2840_0;
    %pad/u 8;
    %ix/vec4 3;
    %ix/load 4, 0, 0; Constant delay
    %assign/vec4/a/d v0x555f1dfc2780, 0, 4;
    %jmp T_1;
    .thread T_1;
    .scope S_0x555f1df9a380;
T_2 ;
    %delay 1, 0;
    %load/vec4 v0x555f1dfc2a00_0;
    %inv;
    %store/vec4 v0x555f1dfc2a00_0, 0, 1;
    %jmp T_2;
    .thread T_2;
    .scope S_0x555f1df9a380;
T_3 ;
    %pushi/vec4 0, 0, 1;
    %store/vec4 v0x555f1dfc2a00_0, 0, 1;
    %delay 1, 0;
    %pushi/vec4 101010, 0, 64;
    %store/vec4 v0x555f1dfc2ac0_0, 0, 64;
    %pushi/vec4 15, 0, 5;
    %store/vec4 v0x555f1dfc2ed0_0, 0, 5;
    %pushi/vec4 15, 0, 5;
    %store/vec4 v0x555f1dfc2b90_0, 0, 5;
    %pushi/vec4 28, 0, 5;
    %store/vec4 v0x555f1dfc2c90_0, 0, 5;
    %delay 2, 0;
    %pushi/vec4 28, 0, 5;
    %store/vec4 v0x555f1dfc2ed0_0, 0, 5;
    %pushi/vec4 5400, 0, 64;
    %store/vec4 v0x555f1dfc2ac0_0, 0, 64;
    %delay 2, 0;
    %pushi/vec4 1, 0, 5;
    %store/vec4 v0x555f1dfc2b90_0, 0, 5;
    %pushi/vec4 20, 0, 5;
    %store/vec4 v0x555f1dfc2c90_0, 0, 5;
    %pushi/vec4 34567, 0, 64;
    %store/vec4 v0x555f1dfc2ac0_0, 0, 64;
    %pushi/vec4 1, 0, 5;
    %store/vec4 v0x555f1dfc2ed0_0, 0, 5;
    %delay 2, 0;
    %pushi/vec4 20, 0, 5;
    %store/vec4 v0x555f1dfc2ed0_0, 0, 5;
    %pushi/vec4 265, 0, 64;
    %store/vec4 v0x555f1dfc2ac0_0, 0, 64;
    %delay 1, 0;
    %vpi_call 2 41 "$finish" {0 0 0};
    %end;
    .thread T_3;
    .scope S_0x555f1df9a380;
T_4 ;
    %vpi_call 2 46 "$monitor", $time, "\012read_addr1 = %d\012read_addr2 = %d\012write_addr = %d\012data = %d\012read_out1 = %d\012read_out2 = %d\012clk\012", v0x555f1dfc2b90_0, v0x555f1dfc2c90_0, v0x555f1dfc2ed0_0, v0x555f1dfc2ac0_0, v0x555f1dfc2d60_0, v0x555f1dfc2e00_0, v0x555f1dfc2a00_0 {0 0 0};
    %end;
    .thread T_4;
# The file index is used to find the file name in the following table.
:file_names 3;
    "N/A";
    "<interactive>";
    "register_file.v";
